[2024-03-13T00:01:43.823Z] [31merror[39m: Cannot set headers after they are sent to the client
[2024-03-13T00:03:09.147Z] [31merror[39m: Cannot set headers after they are sent to the client
[2024-03-13T00:08:13.358Z] [31merror[39m: alert is not defined
[2024-03-13T00:08:42.199Z] [31merror[39m: alert is not defined
[2024-03-13T00:09:53.979Z] [31merror[39m: alert is not defined
[2024-03-13T00:10:16.125Z] [31merror[39m: alert is not defined
[2024-03-13T00:10:29.770Z] [31merror[39m: alert is not defined
[2024-03-13T21:28:20.316Z] [31merror[39m: secretOrPrivateKey must have a value
[2024-03-13T21:29:39.345Z] [31merror[39m: secretOrPrivateKey must have a value
[2024-03-13T21:29:54.248Z] [31merror[39m: secretOrPrivateKey must have a value
[2024-03-13T21:35:24.569Z] [31merror[39m: secretOrPrivateKey must have a value
[2024-03-13T21:47:40.311Z] [31merror[39m: Cannot set headers after they are sent to the client
[2024-03-13T21:47:45.977Z] [31merror[39m: Cannot set headers after they are sent to the client
[2024-03-14T01:05:46.975Z] [31merror[39m: The client is closed
[2024-03-14T10:34:01.951Z] [31merror[39m: Server selection timed out after 30000 ms
[2024-03-14T10:35:48.700Z] [31merror[39m: Server selection timed out after 30000 ms
[2024-03-14T10:43:19.876Z] [31merror[39m: Server selection timed out after 30000 ms
[2024-03-14T10:47:07.977Z] [31merror[39m: Server selection timed out after 30000 ms
[2024-03-14T11:55:19.942Z] [31merror[39m: Server selection timed out after 30000 ms
[2024-03-14T12:58:33.229Z] [31merror[39m: Server selection timed out after 30000 ms
[2024-03-14T13:37:22.182Z] [31merror[39m: Server selection timed out after 30000 ms
[2024-03-14T21:18:50.640Z] [31merror[39m: Login error: connection timed out
[2024-03-14T21:20:25.385Z] [31merror[39m: Login error: connection timed out
[2024-03-15T12:00:39.644Z] [31merror[39m: Login error: connection timed out
[2024-03-15T12:02:39.779Z] [31merror[39m: Signup error: connection <monitor> to 3.212.165.210:27017 timed out
[2024-03-15T12:05:13.271Z] [31merror[39m: connection timed out
[2024-03-15T12:09:47.529Z] [31merror[39m: The client is closed
[2024-03-18T11:22:52.282Z] [31merror[39m: queryTxt ETIMEOUT cluster0.i7s1llo.mongodb.net
[2024-03-18T15:17:29.487Z] [31merror[39m: Server selection timed out after 30000 ms
[2024-03-18T15:57:18.931Z] [31merror[39m: Cannot destructure property '_id' of 'req.details' as it is undefined.
[2024-03-18T16:28:48.595Z] [31merror[39m: "longUrl" is not allowed
[2024-03-18T16:32:21.116Z] [31merror[39m: "longUrl" is not allowed
[2024-03-19T01:13:14.616Z] [31merror[39m: getaddrinfo EAI_AGAIN ac-ymu8cnh-shard-00-02.i7s1llo.mongodb.net
[2024-03-19T09:50:28.336Z] [31merror[39m: connection 1 to 3.213.19.128:27017 closed
[2024-03-19T23:17:02.440Z] [31merror[39m: querySrv ETIMEOUT _mongodb._tcp.cluster0.i7s1llo.mongodb.net
